P16 assembler v1.2 (Apr  8 2019)	seccoes2.lst	Mon Apr  8 09:55:43 2019

Sections
Index   Name            Addresses       Size
0       .data           1000 - 1002     0003 3
1       .text           3000 - 300F     0010 16

Symbols
Name                    Type      Value      Section
addr_counter            LABEL     300E 12302 .text
accumulate              LABEL     3008 12296 .text
ptr                     LABEL     1000 4096  .data
strtok                  LABEL     3000 12288 .text
addr_ptr                LABEL     3006 12294 .text
counter                 LABEL     1002 4098  .data

Code listing
   1              	/*--------------------------------------------
   2              		Function strtok
   3              	*/
   4              		.data
   5              	ptr:
   6 1000 0000    		.word	0
   7              	
   8              		.text
   9              	strtok:
  10 3000 200C    		ldr	r0, addr_ptr
  11 3002 0000    		ldr	r0, [r0]
  12              		; ...
  13 3004 0FB7    		mov	pc, lr
  14              	
  15              	addr_ptr:
  16 3006 0010    		.word	ptr
  17              	
  18              	/*--------------------------------------------
  19              		Function accumulate;
  20              	*/
  21              		.data
  22              	counter:
  23 1002 00      		.byte	0
  24              		
  25              		.text
  26              	accumulate:
  27 3008 200C    		ldr	r0, addr_counter
  28 300A 0008    		ldrb	r0, [r0]
  29              		; ...
  30 300C 0FB7    		mov	pc, lr
  31              	
  32              	addr_counter:
  33 300E 0210    		.word	counter
